<?xml version="1.0" encoding="UTF-8"?>
<testsuite xmlns:xsi="http://www.w3.org/2001/XMLSchema-instance" xsi:noNamespaceSchemaLocation="https://maven.apache.org/surefire/maven-surefire-plugin/xsd/surefire-test-report-3.0.xsd" version="3.0" name="br.com.pyetro.test.PessoaControllerTest" time="0.595" tests="6" errors="2" skipped="0" failures="2">
  <properties>
[...]
</properties>
  <testcase name="testAdd" classname="br.com.pyetro.test.PessoaControllerTest" time="0.495">
    <failure message="&#10;Argument(s) are different! Wanted:&#10;pessoaService.cadastrar(&#10;    br.com.pyetro.domain.Pessoa@42f33b5d&#10;);&#10;-&gt; at br.com.pyetro.test.PessoaControllerTest.testAdd(PessoaControllerTest.java:114)&#10;Actual invocations have different arguments:&#10;pessoaService.cadastrar(&#10;    null&#10;);&#10;-&gt; at br.com.pyetro.controller.PessoaController.add(PessoaController.java:76)&#10;pessoaService.buscarTodos(&#10;    &#10;);&#10;-&gt; at br.com.pyetro.controller.PessoaController.add(PessoaController.java:77)&#10;" type="Argument(s) are different! Wanted"><![CDATA[Argument(s) are different! Wanted:
pessoaService.cadastrar(
    br.com.pyetro.domain.Pessoa@42f33b5d
);
-> at br.com.pyetro.test.PessoaControllerTest.testAdd(PessoaControllerTest.java:114)
Actual invocations have different arguments:
pessoaService.cadastrar(
    null
);
-> at br.com.pyetro.controller.PessoaController.add(PessoaController.java:76)
pessoaService.buscarTodos(
    
);
-> at br.com.pyetro.controller.PessoaController.add(PessoaController.java:77)

	at br.com.pyetro.test.PessoaControllerTest.testAdd(PessoaControllerTest.java:114)
	at java.base/jdk.internal.reflect.DirectMethodHandleAccessor.invoke(DirectMethodHandleAccessor.java:103)
	at java.base/java.lang.reflect.Method.invoke(Method.java:580)
	at org.junit.runners.model.FrameworkMethod$1.runReflectiveCall(FrameworkMethod.java:59)
	at org.junit.internal.runners.model.ReflectiveCallable.run(ReflectiveCallable.java:12)
	at org.junit.runners.model.FrameworkMethod.invokeExplosively(FrameworkMethod.java:56)
	at org.junit.internal.runners.statements.InvokeMethod.evaluate(InvokeMethod.java:17)
	at org.junit.internal.runners.statements.RunBefores.evaluate(RunBefores.java:26)
	at org.mockito.internal.runners.DefaultInternalRunner$1$1.evaluate(DefaultInternalRunner.java:55)
	at org.junit.runners.ParentRunner$3.evaluate(ParentRunner.java:306)
	at org.junit.runners.BlockJUnit4ClassRunner$1.evaluate(BlockJUnit4ClassRunner.java:100)
	at org.junit.runners.ParentRunner.runLeaf(ParentRunner.java:366)
	at org.junit.runners.BlockJUnit4ClassRunner.runChild(BlockJUnit4ClassRunner.java:103)
	at org.junit.runners.BlockJUnit4ClassRunner.runChild(BlockJUnit4ClassRunner.java:63)
	at org.junit.runners.ParentRunner$4.run(ParentRunner.java:331)
	at org.junit.runners.ParentRunner$1.schedule(ParentRunner.java:79)
	at org.junit.runners.ParentRunner.runChildren(ParentRunner.java:329)
	at org.junit.runners.ParentRunner.access$100(ParentRunner.java:66)
	at org.junit.runners.ParentRunner$2.evaluate(ParentRunner.java:293)
	at org.junit.runners.ParentRunner$3.evaluate(ParentRunner.java:306)
	at org.junit.runners.ParentRunner.run(ParentRunner.java:413)
	at org.mockito.internal.runners.DefaultInternalRunner$1.run(DefaultInternalRunner.java:100)
	at org.mockito.internal.runners.DefaultInternalRunner.run(DefaultInternalRunner.java:107)
	at org.mockito.internal.runners.StrictRunner.run(StrictRunner.java:41)
	at org.mockito.junit.MockitoJUnitRunner.run(MockitoJUnitRunner.java:163)
	at org.apache.maven.surefire.junit4.JUnit4Provider.execute(JUnit4Provider.java:316)
	at org.apache.maven.surefire.junit4.JUnit4Provider.executeWithRerun(JUnit4Provider.java:240)
	at org.apache.maven.surefire.junit4.JUnit4Provider.executeTestSet(JUnit4Provider.java:214)
	at org.apache.maven.surefire.junit4.JUnit4Provider.invoke(JUnit4Provider.java:155)
	at org.apache.maven.surefire.booter.ForkedBooter.runSuitesInProcess(ForkedBooter.java:385)
	at org.apache.maven.surefire.booter.ForkedBooter.execute(ForkedBooter.java:162)
	at org.apache.maven.surefire.booter.ForkedBooter.run(ForkedBooter.java:507)
	at org.apache.maven.surefire.booter.ForkedBooter.main(ForkedBooter.java:495)
]]></failure>
  </testcase>
  <testcase name="testEdit" classname="br.com.pyetro.test.PessoaControllerTest" time="0.002"/>
  <testcase name="testInit" classname="br.com.pyetro.test.PessoaControllerTest" time="0.005"/>
  <testcase name="testCancel" classname="br.com.pyetro.test.PessoaControllerTest" time="0.002">
    <failure message="expected null, but was:&lt;br.com.pyetro.domain.Pessoa@3e5499cc&gt;" type="java.lang.AssertionError"><![CDATA[java.lang.AssertionError: expected null, but was:<br.com.pyetro.domain.Pessoa@3e5499cc>
	at org.junit.Assert.fail(Assert.java:89)
	at org.junit.Assert.failNotNull(Assert.java:756)
	at org.junit.Assert.assertNull(Assert.java:738)
	at org.junit.Assert.assertNull(Assert.java:748)
	at br.com.pyetro.test.PessoaControllerTest.testCancel(PessoaControllerTest.java:74)
	at java.base/jdk.internal.reflect.DirectMethodHandleAccessor.invoke(DirectMethodHandleAccessor.java:103)
	at java.base/java.lang.reflect.Method.invoke(Method.java:580)
	at org.junit.runners.model.FrameworkMethod$1.runReflectiveCall(FrameworkMethod.java:59)
	at org.junit.internal.runners.model.ReflectiveCallable.run(ReflectiveCallable.java:12)
	at org.junit.runners.model.FrameworkMethod.invokeExplosively(FrameworkMethod.java:56)
	at org.junit.internal.runners.statements.InvokeMethod.evaluate(InvokeMethod.java:17)
	at org.junit.internal.runners.statements.RunBefores.evaluate(RunBefores.java:26)
	at org.mockito.internal.runners.DefaultInternalRunner$1$1.evaluate(DefaultInternalRunner.java:55)
	at org.junit.runners.ParentRunner$3.evaluate(ParentRunner.java:306)
	at org.junit.runners.BlockJUnit4ClassRunner$1.evaluate(BlockJUnit4ClassRunner.java:100)
	at org.junit.runners.ParentRunner.runLeaf(ParentRunner.java:366)
	at org.junit.runners.BlockJUnit4ClassRunner.runChild(BlockJUnit4ClassRunner.java:103)
	at org.junit.runners.BlockJUnit4ClassRunner.runChild(BlockJUnit4ClassRunner.java:63)
	at org.junit.runners.ParentRunner$4.run(ParentRunner.java:331)
	at org.junit.runners.ParentRunner$1.schedule(ParentRunner.java:79)
	at org.junit.runners.ParentRunner.runChildren(ParentRunner.java:329)
	at org.junit.runners.ParentRunner.access$100(ParentRunner.java:66)
	at org.junit.runners.ParentRunner$2.evaluate(ParentRunner.java:293)
	at org.junit.runners.ParentRunner$3.evaluate(ParentRunner.java:306)
	at org.junit.runners.ParentRunner.run(ParentRunner.java:413)
	at org.mockito.internal.runners.DefaultInternalRunner$1.run(DefaultInternalRunner.java:100)
	at org.mockito.internal.runners.DefaultInternalRunner.run(DefaultInternalRunner.java:107)
	at org.mockito.internal.runners.StrictRunner.run(StrictRunner.java:41)
	at org.mockito.junit.MockitoJUnitRunner.run(MockitoJUnitRunner.java:163)
	at org.apache.maven.surefire.junit4.JUnit4Provider.execute(JUnit4Provider.java:316)
	at org.apache.maven.surefire.junit4.JUnit4Provider.executeWithRerun(JUnit4Provider.java:240)
	at org.apache.maven.surefire.junit4.JUnit4Provider.executeTestSet(JUnit4Provider.java:214)
	at org.apache.maven.surefire.junit4.JUnit4Provider.invoke(JUnit4Provider.java:155)
	at org.apache.maven.surefire.booter.ForkedBooter.runSuitesInProcess(ForkedBooter.java:385)
	at org.apache.maven.surefire.booter.ForkedBooter.execute(ForkedBooter.java:162)
	at org.apache.maven.surefire.booter.ForkedBooter.run(ForkedBooter.java:507)
	at org.apache.maven.surefire.booter.ForkedBooter.main(ForkedBooter.java:495)
]]></failure>
  </testcase>
  <testcase name="testDelete" classname="br.com.pyetro.test.PessoaControllerTest" time="0.002">
    <error message="Cannot invoke &quot;javax.faces.context.FacesContext.addMessage(String, javax.faces.application.FacesMessage)&quot; because the return value of &quot;javax.faces.context.FacesContext.getCurrentInstance()&quot; is null" type="java.lang.NullPointerException"><![CDATA[java.lang.NullPointerException: Cannot invoke "javax.faces.context.FacesContext.addMessage(String, javax.faces.application.FacesMessage)" because the return value of "javax.faces.context.FacesContext.getCurrentInstance()" is null
	at br.com.pyetro.controller.PessoaController.delete(PessoaController.java:69)
	at br.com.pyetro.test.PessoaControllerTest.testDelete(PessoaControllerTest.java:97)
	at java.base/jdk.internal.reflect.DirectMethodHandleAccessor.invoke(DirectMethodHandleAccessor.java:103)
	at java.base/java.lang.reflect.Method.invoke(Method.java:580)
	at org.junit.runners.model.FrameworkMethod$1.runReflectiveCall(FrameworkMethod.java:59)
	at org.junit.internal.runners.model.ReflectiveCallable.run(ReflectiveCallable.java:12)
	at org.junit.runners.model.FrameworkMethod.invokeExplosively(FrameworkMethod.java:56)
	at org.junit.internal.runners.statements.InvokeMethod.evaluate(InvokeMethod.java:17)
	at org.junit.internal.runners.statements.RunBefores.evaluate(RunBefores.java:26)
	at org.mockito.internal.runners.DefaultInternalRunner$1$1.evaluate(DefaultInternalRunner.java:55)
	at org.junit.runners.ParentRunner$3.evaluate(ParentRunner.java:306)
	at org.junit.runners.BlockJUnit4ClassRunner$1.evaluate(BlockJUnit4ClassRunner.java:100)
	at org.junit.runners.ParentRunner.runLeaf(ParentRunner.java:366)
	at org.junit.runners.BlockJUnit4ClassRunner.runChild(BlockJUnit4ClassRunner.java:103)
	at org.junit.runners.BlockJUnit4ClassRunner.runChild(BlockJUnit4ClassRunner.java:63)
	at org.junit.runners.ParentRunner$4.run(ParentRunner.java:331)
	at org.junit.runners.ParentRunner$1.schedule(ParentRunner.java:79)
	at org.junit.runners.ParentRunner.runChildren(ParentRunner.java:329)
	at org.junit.runners.ParentRunner.access$100(ParentRunner.java:66)
	at org.junit.runners.ParentRunner$2.evaluate(ParentRunner.java:293)
	at org.junit.runners.ParentRunner$3.evaluate(ParentRunner.java:306)
	at org.junit.runners.ParentRunner.run(ParentRunner.java:413)
	at org.mockito.internal.runners.DefaultInternalRunner$1.run(DefaultInternalRunner.java:100)
	at org.mockito.internal.runners.DefaultInternalRunner.run(DefaultInternalRunner.java:107)
	at org.mockito.internal.runners.StrictRunner.run(StrictRunner.java:41)
	at org.mockito.junit.MockitoJUnitRunner.run(MockitoJUnitRunner.java:163)
	at org.apache.maven.surefire.junit4.JUnit4Provider.execute(JUnit4Provider.java:316)
	at org.apache.maven.surefire.junit4.JUnit4Provider.executeWithRerun(JUnit4Provider.java:240)
	at org.apache.maven.surefire.junit4.JUnit4Provider.executeTestSet(JUnit4Provider.java:214)
	at org.apache.maven.surefire.junit4.JUnit4Provider.invoke(JUnit4Provider.java:155)
	at org.apache.maven.surefire.booter.ForkedBooter.runSuitesInProcess(ForkedBooter.java:385)
	at org.apache.maven.surefire.booter.ForkedBooter.execute(ForkedBooter.java:162)
	at org.apache.maven.surefire.booter.ForkedBooter.run(ForkedBooter.java:507)
	at org.apache.maven.surefire.booter.ForkedBooter.main(ForkedBooter.java:495)
]]></error>
  </testcase>
  <testcase name="testUpdate" classname="br.com.pyetro.test.PessoaControllerTest" time="0.003">
    <error message="&#10;&apos;excluir&apos; is a *void method* and it *cannot* be stubbed with a *return value*!&#10;Voids are usually stubbed with Throwables:&#10;    doThrow(exception).when(mock).someVoidMethod();&#10;If you need to set the void method to do nothing you can use:&#10;    doNothing().when(mock).someVoidMethod();&#10;For more information, check out the javadocs for Mockito.doNothing().&#10;***&#10;If you&apos;re unsure why you&apos;re getting above error read on.&#10;Due to the nature of the syntax above problem might occur because:&#10;1. The method you are trying to stub is *overloaded*. Make sure you are calling the right overloaded version.&#10;2. Somewhere in your test you are stubbing *final methods*. Sorry, Mockito does not verify/stub final methods.&#10;3. A spy is stubbed using when(spy.foo()).then() syntax. It is safer to stub spies - &#10;   - with doReturn|Throw() family of methods. More in javadocs for Mockito.spy() method.&#10;4. Mocking methods declared on non-public parent classes is not supported.&#10;" type="org.mockito.exceptions.misusing.CannotStubVoidMethodWithReturnValue"><![CDATA[org.mockito.exceptions.misusing.CannotStubVoidMethodWithReturnValue: 

'excluir' is a *void method* and it *cannot* be stubbed with a *return value*!
Voids are usually stubbed with Throwables:
    doThrow(exception).when(mock).someVoidMethod();
If you need to set the void method to do nothing you can use:
    doNothing().when(mock).someVoidMethod();
For more information, check out the javadocs for Mockito.doNothing().
***
If you're unsure why you're getting above error read on.
Due to the nature of the syntax above problem might occur because:
1. The method you are trying to stub is *overloaded*. Make sure you are calling the right overloaded version.
2. Somewhere in your test you are stubbing *final methods*. Sorry, Mockito does not verify/stub final methods.
3. A spy is stubbed using when(spy.foo()).then() syntax. It is safer to stub spies - 
   - with doReturn|Throw() family of methods. More in javadocs for Mockito.spy() method.
4. Mocking methods declared on non-public parent classes is not supported.

	at br.com.pyetro.test.PessoaControllerTest.testUpdate(PessoaControllerTest.java:127)
	at java.base/jdk.internal.reflect.DirectMethodHandleAccessor.invoke(DirectMethodHandleAccessor.java:103)
	at java.base/java.lang.reflect.Method.invoke(Method.java:580)
	at org.junit.runners.model.FrameworkMethod$1.runReflectiveCall(FrameworkMethod.java:59)
	at org.junit.internal.runners.model.ReflectiveCallable.run(ReflectiveCallable.java:12)
	at org.junit.runners.model.FrameworkMethod.invokeExplosively(FrameworkMethod.java:56)
	at org.junit.internal.runners.statements.InvokeMethod.evaluate(InvokeMethod.java:17)
	at org.junit.internal.runners.statements.RunBefores.evaluate(RunBefores.java:26)
	at org.mockito.internal.runners.DefaultInternalRunner$1$1.evaluate(DefaultInternalRunner.java:55)
	at org.junit.runners.ParentRunner$3.evaluate(ParentRunner.java:306)
	at org.junit.runners.BlockJUnit4ClassRunner$1.evaluate(BlockJUnit4ClassRunner.java:100)
	at org.junit.runners.ParentRunner.runLeaf(ParentRunner.java:366)
	at org.junit.runners.BlockJUnit4ClassRunner.runChild(BlockJUnit4ClassRunner.java:103)
	at org.junit.runners.BlockJUnit4ClassRunner.runChild(BlockJUnit4ClassRunner.java:63)
	at org.junit.runners.ParentRunner$4.run(ParentRunner.java:331)
	at org.junit.runners.ParentRunner$1.schedule(ParentRunner.java:79)
	at org.junit.runners.ParentRunner.runChildren(ParentRunner.java:329)
	at org.junit.runners.ParentRunner.access$100(ParentRunner.java:66)
	at org.junit.runners.ParentRunner$2.evaluate(ParentRunner.java:293)
	at org.junit.runners.ParentRunner$3.evaluate(ParentRunner.java:306)
	at org.junit.runners.ParentRunner.run(ParentRunner.java:413)
	at org.mockito.internal.runners.DefaultInternalRunner$1.run(DefaultInternalRunner.java:100)
	at org.mockito.internal.runners.DefaultInternalRunner.run(DefaultInternalRunner.java:107)
	at org.mockito.internal.runners.StrictRunner.run(StrictRunner.java:41)
	at org.mockito.junit.MockitoJUnitRunner.run(MockitoJUnitRunner.java:163)
	at org.apache.maven.surefire.junit4.JUnit4Provider.execute(JUnit4Provider.java:316)
	at org.apache.maven.surefire.junit4.JUnit4Provider.executeWithRerun(JUnit4Provider.java:240)
	at org.apache.maven.surefire.junit4.JUnit4Provider.executeTestSet(JUnit4Provider.java:214)
	at org.apache.maven.surefire.junit4.JUnit4Provider.invoke(JUnit4Provider.java:155)
	at org.apache.maven.surefire.booter.ForkedBooter.runSuitesInProcess(ForkedBooter.java:385)
	at org.apache.maven.surefire.booter.ForkedBooter.execute(ForkedBooter.java:162)
	at org.apache.maven.surefire.booter.ForkedBooter.run(ForkedBooter.java:507)
	at org.apache.maven.surefire.booter.ForkedBooter.main(ForkedBooter.java:495)
]]></error>
  </testcase>
</testsuite>